\BOOKMARK [0][-]{chapter.1}{Webserver und Client}{}% 1
\BOOKMARK [1][-]{section.1.1}{Begriffserkl\344rungen}{chapter.1}% 2
\BOOKMARK [2][-]{subsection.1.1.1}{Server}{section.1.1}% 3
\BOOKMARK [2][-]{subsection.1.1.2}{Client}{section.1.1}% 4
\BOOKMARK [1][-]{section.1.2}{Anforderungen}{chapter.1}% 5
\BOOKMARK [2][-]{subsection.1.2.1}{Webserver}{section.1.2}% 6
\BOOKMARK [2][-]{subsection.1.2.2}{Client}{section.1.2}% 7
\BOOKMARK [1][-]{section.1.3}{Voruntersuchung}{chapter.1}% 8
\BOOKMARK [2][-]{subsection.1.3.1}{Typescript}{section.1.3}% 9
\BOOKMARK [2][-]{subsection.1.3.2}{Node.js}{section.1.3}% 10
\BOOKMARK [2][-]{subsection.1.3.3}{Angular 2/4}{section.1.3}% 11
\BOOKMARK [1][-]{section.1.4}{Umsetzung}{chapter.1}% 12
\BOOKMARK [2][-]{subsection.1.4.1}{Client}{section.1.4}% 13
\BOOKMARK [3][-]{subsubsection.1.4.1.1}{Design}{subsection.1.4.1}% 14
\BOOKMARK [3][-]{subsubsection.1.4.1.2}{Funktion}{subsection.1.4.1}% 15
\BOOKMARK [2][-]{subsection.1.4.2}{Server}{section.1.4}% 16
\BOOKMARK [3][-]{subsubsection.1.4.2.1}{Funktion}{subsection.1.4.2}% 17
\BOOKMARK [3][-]{subsubsection.1.4.2.2}{Mongodb}{subsection.1.4.2}% 18
\BOOKMARK [3][-]{subsubsection.1.4.2.3}{Kommunikation mit dem Java Programm}{subsection.1.4.2}% 19
\BOOKMARK [1][-]{section.1.5}{Zusammenfassung und Verbesserungsm\366glichkeiten}{chapter.1}% 20
\BOOKMARK [0][-]{chapter.2}{Java-Programm}{}% 21
\BOOKMARK [1][-]{section.2.1}{Anforderungen}{chapter.2}% 22
\BOOKMARK [2][-]{subsection.2.1.1}{Programm}{section.2.1}% 23
\BOOKMARK [2][-]{subsection.2.1.2}{Design - Benutzerinterface}{section.2.1}% 24
\BOOKMARK [2][-]{subsection.2.1.3}{Externe Steuerung}{section.2.1}% 25
\BOOKMARK [1][-]{section.2.2}{Voruntersuchung}{chapter.2}% 26
\BOOKMARK [2][-]{subsection.2.2.1}{Wieso Java und nicht C?}{section.2.2}% 27
\BOOKMARK [2][-]{subsection.2.2.2}{Wieso das Raspberry Pi 3 Model B?}{section.2.2}% 28
\BOOKMARK [2][-]{subsection.2.2.3}{Auswahl eines Touchdisplays}{section.2.2}% 29
\BOOKMARK [2][-]{subsection.2.2.4}{Wieso pi4j?}{section.2.2}% 30
\BOOKMARK [2][-]{subsection.2.2.5}{Wieso Mongodb?}{section.2.2}% 31
\BOOKMARK [3][-]{subsubsection.2.2.5.1}{Vorteil gegen\374ber Daten in Datei speichern}{subsection.2.2.5}% 32
\BOOKMARK [3][-]{subsubsection.2.2.5.2}{Vergleich mit anderen Datenbanken}{subsection.2.2.5}% 33
\BOOKMARK [2][-]{subsection.2.2.6}{Kommunikation mit der Web-Applikation}{section.2.2}% 34
\BOOKMARK [1][-]{section.2.3}{Umsetzung}{chapter.2}% 35
\BOOKMARK [2][-]{subsection.2.3.1}{Mongodb}{section.2.3}% 36
\BOOKMARK [3][-]{subsubsection.2.3.1.1}{Allgemeines}{subsection.2.3.1}% 37
\BOOKMARK [3][-]{subsubsection.2.3.1.2}{Datenbankmanagementsystem DBS}{subsection.2.3.1}% 38
\BOOKMARK [3][-]{subsubsection.2.3.1.3}{Singleton}{subsection.2.3.1}% 39
\BOOKMARK [3][-]{subsubsection.2.3.1.4}{Code Beispiele}{subsection.2.3.1}% 40
\BOOKMARK [2][-]{subsection.2.3.2}{pi4j}{section.2.3}% 41
\BOOKMARK [3][-]{subsubsection.2.3.2.1}{Allgemeines}{subsection.2.3.2}% 42
\BOOKMARK [3][-]{subsubsection.2.3.2.2}{Pin Numbering Sheme}{subsection.2.3.2}% 43
\BOOKMARK [3][-]{subsubsection.2.3.2.3}{Gew\344hlte Pin Belegung}{subsection.2.3.2}% 44
\BOOKMARK [3][-]{subsubsection.2.3.2.4}{Singleton}{subsection.2.3.2}% 45
\BOOKMARK [3][-]{subsubsection.2.3.2.5}{Code Beispiele}{subsection.2.3.2}% 46
\BOOKMARK [2][-]{subsection.2.3.3}{Server-Client-Kommunikation}{section.2.3}% 47
\BOOKMARK [3][-]{subsubsection.2.3.3.1}{Server}{subsection.2.3.3}% 48
\BOOKMARK [3][-]{subsubsection.2.3.3.2}{\334bertragungsprotokoll}{subsection.2.3.3}% 49
\BOOKMARK [3][-]{subsubsection.2.3.3.3}{Response-GET}{subsection.2.3.3}% 50
\BOOKMARK [3][-]{subsubsection.2.3.3.4}{Response-PUT}{subsection.2.3.3}% 51
\BOOKMARK [2][-]{subsection.2.3.4}{Errors und Warnungsverarbeitung}{section.2.3}% 52
\BOOKMARK [3][-]{subsubsection.2.3.4.1}{Allgemeines}{subsection.2.3.4}% 53
\BOOKMARK [3][-]{subsubsection.2.3.4.2}{Errors und Warnungen aktivieren/deaktivieren}{subsection.2.3.4}% 54
\BOOKMARK [3][-]{subsubsection.2.3.4.3}{Json-Array}{subsection.2.3.4}% 55
\BOOKMARK [3][-]{subsubsection.2.3.4.4}{Listenmodel}{subsection.2.3.4}% 56
\BOOKMARK [3][-]{subsubsection.2.3.4.5}{Liste}{subsection.2.3.4}% 57
\BOOKMARK [2][-]{subsection.2.3.5}{SwingWorker}{section.2.3}% 58
\BOOKMARK [3][-]{subsubsection.2.3.5.1}{EDT}{subsection.2.3.5}% 59
\BOOKMARK [3][-]{subsubsection.2.3.5.2}{TimeUnit}{subsection.2.3.5}% 60
\BOOKMARK [3][-]{subsubsection.2.3.5.3}{Methoden des SwingWorkers}{subsection.2.3.5}% 61
\BOOKMARK [2][-]{subsection.2.3.6}{GUI-Fenster}{section.2.3}% 62
\BOOKMARK [3][-]{subsubsection.2.3.6.1}{MainWindow}{subsection.2.3.6}% 63
\BOOKMARK [3][-]{subsubsection.2.3.6.2}{TimeManagement}{subsection.2.3.6}% 64
\BOOKMARK [3][-]{subsubsection.2.3.6.3}{CreateUser}{subsection.2.3.6}% 65
\BOOKMARK [3][-]{subsubsection.2.3.6.4}{ManualControl}{subsection.2.3.6}% 66
\BOOKMARK [3][-]{subsubsection.2.3.6.5}{Positionsinformation}{subsection.2.3.6}% 67
\BOOKMARK [3][-]{subsubsection.2.3.6.6}{SystemInfo}{subsection.2.3.6}% 68
\BOOKMARK [3][-]{subsubsection.2.3.6.7}{Update}{subsection.2.3.6}% 69
\BOOKMARK [1][-]{section.2.4}{Zusammenfassung/Verbesserungsm\366glichkeiten}{chapter.2}% 70
\BOOKMARK [2][-]{subsection.2.4.1}{Probleme mit Mongodb am Raspberry}{section.2.4}% 71
\BOOKMARK [2][-]{subsection.2.4.2}{Probleme mit pi4j -> Snapshotversion verwendet - ansonsten werden pins nicht erkannt}{section.2.4}% 72
\BOOKMARK [2][-]{subsection.2.4.3}{GUI auf "Touchscreen-Design\344b\344ndern}{section.2.4}% 73
\BOOKMARK [2][-]{subsection.2.4.4}{Besser Benutzerverwaltung - Mehrere Benutzer anlegen}{section.2.4}% 74
\BOOKMARK [2][-]{subsection.2.4.5}{Selbst erstellbare Vorlagen in denen Zeiten gespeichert werden}{section.2.4}% 75
\BOOKMARK [0][-]{chapter.3}{Mechanik}{}% 76
\BOOKMARK [1][-]{section.3.1}{Einleitung}{chapter.3}% 77
\BOOKMARK [1][-]{section.3.2}{Aufgabenstellung und Zielsetzung}{chapter.3}% 78
\BOOKMARK [1][-]{section.3.3}{Problematik}{chapter.3}% 79
\BOOKMARK [2][-]{subsection.3.3.1}{Problematik des automatisierten Aufschneidens}{section.3.3}% 80
\BOOKMARK [2][-]{subsection.3.3.2}{Problematik der Dichtheit bei Klemmen}{section.3.3}% 81
\BOOKMARK [2][-]{subsection.3.3.3}{Problematik bei Entleerung der Verpackung}{section.3.3}% 82
\BOOKMARK [2][-]{subsection.3.3.4}{Problematik vom Geruch}{section.3.3}% 83
\BOOKMARK [2][-]{subsection.3.3.5}{Problematik von der Reinigung nach dem Urlaub}{section.3.3}% 84
\BOOKMARK [2][-]{subsection.3.3.6}{Problematik bei einfrieren des Futters}{section.3.3}% 85
\BOOKMARK [1][-]{section.3.4}{Konzepte}{chapter.3}% 86
\BOOKMARK [2][-]{subsection.3.4.1}{Variante 1: Automatisiertes Aufschneiden}{section.3.4}% 87
\BOOKMARK [3][-]{subsubsection.3.4.1.1}{\334bersicht der Prozessschritte}{subsection.3.4.1}% 88
\BOOKMARK [3][-]{subsubsection.3.4.1.2}{F\374llen des Futtermagazins}{subsection.3.4.1}% 89
\BOOKMARK [3][-]{subsubsection.3.4.1.3}{F\374hren zur Schneidplatte}{subsection.3.4.1}% 90
\BOOKMARK [3][-]{subsubsection.3.4.1.4}{Schnitt}{subsection.3.4.1}% 91
\BOOKMARK [3][-]{subsubsection.3.4.1.5}{Pressen}{subsection.3.4.1}% 92
\BOOKMARK [3][-]{subsubsection.3.4.1.6}{Entsorgen}{subsection.3.4.1}% 93
\BOOKMARK [3][-]{subsubsection.3.4.1.7}{F\374ttern}{subsection.3.4.1}% 94
\BOOKMARK [2][-]{subsection.3.4.2}{Variante 2: Vor aufgeschnittene Packung}{section.3.4}% 95
\BOOKMARK [3][-]{subsubsection.3.4.2.1}{F\366rderband und Kettenglieder}{subsection.3.4.2}% 96
\BOOKMARK [3][-]{subsubsection.3.4.2.2}{Walze}{subsection.3.4.2}% 97
\BOOKMARK [3][-]{subsubsection.3.4.2.3}{Futterplatte}{subsection.3.4.2}% 98
\BOOKMARK [2][-]{subsection.3.4.3}{Variante 3: Gefrorenes Futter}{section.3.4}% 99
\BOOKMARK [1][-]{section.3.5}{Aufbauten und Tests}{chapter.3}% 100
\BOOKMARK [2][-]{subsection.3.5.1}{F\374tterungsexperiment}{section.3.5}% 101
\BOOKMARK [3][-]{subsubsection.3.5.1.1}{Schlussfolgerung des F\374tterungsexperimentes}{subsection.3.5.1}% 102
\BOOKMARK [2][-]{subsection.3.5.2}{Schneideversuch 1.Art der 1.Variante}{section.3.5}% 103
\BOOKMARK [3][-]{subsubsection.3.5.2.1}{Schlussfolgerung des Schneideversuchs 1.Art der 1.Variante}{subsection.3.5.2}% 104
\BOOKMARK [2][-]{subsection.3.5.3}{Schneideversuch 2.Art der 1.Variante}{section.3.5}% 105
\BOOKMARK [3][-]{subsubsection.3.5.3.1}{Schlussfolgerung des Schneideversuchs 2.Art der 1.Variante}{subsection.3.5.3}% 106
\BOOKMARK [2][-]{subsection.3.5.4}{Dichtheitsexperiment der Hebelklemme}{section.3.5}% 107
\BOOKMARK [1][-]{section.3.6}{Vergleich der Varianten}{chapter.3}% 108
\BOOKMARK [2][-]{subsection.3.6.1}{Klemmen}{section.3.6}% 109
\BOOKMARK [3][-]{subsubsection.3.6.1.1}{Einfache Klemme}{subsection.3.6.1}% 110
\BOOKMARK [3][-]{subsubsection.3.6.1.2}{Hebel Klemme}{subsection.3.6.1}% 111
\BOOKMARK [3][-]{subsubsection.3.6.1.3}{Gummiband Klemme}{subsection.3.6.1}% 112
\BOOKMARK [2][-]{subsection.3.6.2}{Klemmen Wahlvariante}{section.3.6}% 113
\BOOKMARK [2][-]{subsection.3.6.3}{Futtersch\374sseln}{section.3.6}% 114
\BOOKMARK [3][-]{subsubsection.3.6.3.1}{Drehfutterplatte}{subsection.3.6.3}% 115
\BOOKMARK [3][-]{subsubsection.3.6.3.2}{Futterplatte Zylinder}{subsection.3.6.3}% 116
\BOOKMARK [3][-]{subsubsection.3.6.3.3}{Platte mit einer Sch\374ssel}{subsection.3.6.3}% 117
\BOOKMARK [2][-]{subsection.3.6.4}{Futtersch\374ssel Wahlvariante}{section.3.6}% 118
\BOOKMARK [2][-]{subsection.3.6.5}{Futtermagazine}{section.3.6}% 119
\BOOKMARK [3][-]{subsubsection.3.6.5.1}{Futtermagazin Horizontal}{subsection.3.6.5}% 120
\BOOKMARK [3][-]{subsubsection.3.6.5.2}{Futtermagazin Vertikal}{subsection.3.6.5}% 121
\BOOKMARK [1][-]{section.3.7}{Konstruktion der Wahlvariante und Details}{chapter.3}% 122
\BOOKMARK [2][-]{subsection.3.7.1}{Drehplatte}{section.3.7}% 123
\BOOKMARK [2][-]{subsection.3.7.2}{F\366rderband, Kettenglied und Kettenrad}{section.3.7}% 124
\BOOKMARK [2][-]{subsection.3.7.3}{Walze}{section.3.7}% 125
\BOOKMARK [2][-]{subsection.3.7.4}{Hebelklemme}{section.3.7}% 126
\BOOKMARK [1][-]{section.3.8}{Berechnung und Dimensionierung}{chapter.3}% 127
\BOOKMARK [1][-]{section.3.9}{Simulation}{chapter.3}% 128
\BOOKMARK [1][-]{section.3.10}{Bedienung und Wartung}{chapter.3}% 129
\BOOKMARK [1][-]{section.3.11}{Selbstkritische Analyse und Ausblick}{chapter.3}% 130
\BOOKMARK [0][-]{chapter.4}{Elektronik und Mechanik}{}% 131
\BOOKMARK [1][-]{section.4.1}{Anforderung Elektronik}{chapter.4}% 132
\BOOKMARK [2][-]{subsection.4.1.1}{Aktoren}{section.4.1}% 133
\BOOKMARK [2][-]{subsection.4.1.2}{Sensoren}{section.4.1}% 134
\BOOKMARK [2][-]{subsection.4.1.3}{Ansteuerungen}{section.4.1}% 135
\BOOKMARK [0][-]{appendix.A}{Abbildungsverzeichnis}{}% 136
\BOOKMARK [0][-]{appendix.B}{Tabellenverzeichnis}{}% 137
\BOOKMARK [0][-]{appendix.C}{Listings}{}% 138
\BOOKMARK [0][-]{appendix.D}{Literaturverzeichnis}{}% 139
