\BOOKMARK [0][-]{chapter.1}{Webserver und Client}{}% 1
\BOOKMARK [1][-]{section.1.1}{Begriffserkl\344rungen}{chapter.1}% 2
\BOOKMARK [2][-]{subsection.1.1.1}{Server}{section.1.1}% 3
\BOOKMARK [2][-]{subsection.1.1.2}{Client}{section.1.1}% 4
\BOOKMARK [1][-]{section.1.2}{Anforderungen}{chapter.1}% 5
\BOOKMARK [2][-]{subsection.1.2.1}{Webserver}{section.1.2}% 6
\BOOKMARK [2][-]{subsection.1.2.2}{Client}{section.1.2}% 7
\BOOKMARK [1][-]{section.1.3}{Voruntersuchung}{chapter.1}% 8
\BOOKMARK [2][-]{subsection.1.3.1}{Typescript}{section.1.3}% 9
\BOOKMARK [2][-]{subsection.1.3.2}{Node.js}{section.1.3}% 10
\BOOKMARK [2][-]{subsection.1.3.3}{Angular 2/4}{section.1.3}% 11
\BOOKMARK [2][-]{subsection.1.3.4}{Bootstrap}{section.1.3}% 12
\BOOKMARK [1][-]{section.1.4}{Umsetzung}{chapter.1}% 13
\BOOKMARK [2][-]{subsection.1.4.1}{Client}{section.1.4}% 14
\BOOKMARK [3][-]{subsubsection.1.4.1.1}{Design}{subsection.1.4.1}% 15
\BOOKMARK [3][-]{subsubsection.1.4.1.2}{Funktion}{subsection.1.4.1}% 16
\BOOKMARK [2][-]{subsection.1.4.2}{Server}{section.1.4}% 17
\BOOKMARK [3][-]{subsubsection.1.4.2.1}{Funktion}{subsection.1.4.2}% 18
\BOOKMARK [3][-]{subsubsection.1.4.2.2}{Mongodb}{subsection.1.4.2}% 19
\BOOKMARK [3][-]{subsubsection.1.4.2.3}{Kommunikation mit dem Java Programm}{subsection.1.4.2}% 20
\BOOKMARK [1][-]{section.1.5}{Zusammenfassung und Verbesserungsm\366glichkeiten}{chapter.1}% 21
\BOOKMARK [0][-]{appendix.A}{Abbildungsverzeichnis}{}% 22
\BOOKMARK [0][-]{appendix.B}{Tabellenverzeichnis}{}% 23
\BOOKMARK [0][-]{appendix.C}{Listings}{}% 24
